<?xml version="1.0" encoding="UTF-8"?>
<testsuite name="Busqueda de Cliente" tests="1" skipped="0" failures="0" errors="0" timestamp="2022-07-19T22:19:21" hostname="LAPTOP-LMUU0593" time="101.506">
  <properties/>
  <testcase name="Inicio Ofreciendo al suscripto" classname="Busqueda de Cliente" time="101.506"/>
  <system-out><![CDATA[]]></system-out>
  <system-err><![CDATA[jul. 19, 2022 5:19:22 P. M. org.openqa.selenium.remote.DesiredCapabilities chrome
INFO: Using `new ChromeOptions()` is preferred to `DesiredCapabilities.chrome()`
[Test worker] INFO net.serenitybdd.core.webdriver.driverproviders.ProvideNewDriver - Instantiating driver
[Test worker] INFO net.serenitybdd.core.webdriver.driverproviders.ProvideNewDriver - Driver capabilities: Capabilities {ACCEPT_SSL_CERTS:  true, INTRODUCE_FLAKINESS_BY_IGNORING_SECURITY_DOMAINS:  true, acceptInsecureCerts: false, browserName: chrome, chrome.switches: test-type,--no-first-run,--..., goog:chromeOptions: {args: [--test-type, --no-first-run, --start-maximized, --ignore-certificate-errors, --allow-running-insecure-co..., --disable-extensions, --no-sandbox], extensions: []}, loggingPrefs: org.openqa.selenium.logging..., platform: ANY, unexpectedAlertBehaviour: ignore, unhandledPromptBehavior: ignore, version: }
Starting ChromeDriver 103.0.5060.53 (a1711811edd74ff1cf2150f36ffa3b0dae40b17f-refs/branch-heads/5060@{#853}) on port 26031
Only local connections are allowed.
Please see https://chromedriver.chromium.org/security-considerations for suggestions on keeping ChromeDriver safe.
ChromeDriver was started successfully.
jul. 19, 2022 5:19:24 P. M. org.openqa.selenium.remote.ProtocolHandshake createSession
INFO: Detected dialect: W3C
[Test worker] INFO net.thucydides.core.steps.ConsoleLoggingListener - 
        __    _____ _____ ____ _____   ____   _    ____  ____  _____ ____  
  _     \ \  |_   _| ____/ ___|_   _| |  _ \ / \  / ___|/ ___|| ____|  _ \ 
 (_)_____| |   | | |  _| \___ \ | |   | |_) / _ \ \___ \\___ \|  _| | | | |
  _|_____| |   | | | |___ ___) || |   |  __/ ___ \ ___) |___) | |___| |_| |
 (_)     | |   |_| |_____|____/ |_|   |_| /_/   \_\____/|____/|_____|____/ 
        /_/                                                                

TEST PASSED: Inicio Ofreciendo al suscripto
----------------------------------------------------------------------------
]]></system-err>
</testsuite>
